<?xml version="1.0" encoding="UTF-8"?>
<!-- Generated by org.testng.reporters.JUnitReportReporter -->
<testsuite hostname="DESKTOP-D61EKLM" failures="0" tests="3" name="HomePage.HomePageTestCases" time="0.099" errors="0" timestamp="2024-04-02T03:23:08 EET" skipped="0">
  <testcase classname="HomePage.HomePageTestCases" name="CheckDefaultcuranccy" time="0.037"/>
  <system-out/>
  <testcase classname="HomePage.HomePageTestCases" name="Checknumbercorrcte" time="0.022"/>
  <system-out/>
  <testcase classname="HomePage.HomePageTestCases" name="CheckTheDefaultLanguageIsEnglish" time="0.040"/>
  <system-out/>
</testsuite> <!-- HomePage.HomePageTestCases -->
